0 verbose cli [ '/usr/bin/node', '/usr/bin/npm', 'install' ]
1 info using npm@8.5.1
2 info using node@v12.22.9
3 timing npm:load:whichnode Completed in 0ms
4 timing config:load:defaults Completed in 1ms
5 timing config:load:file:/usr/share/nodejs/npm/npmrc Completed in 2ms
6 timing config:load:builtin Completed in 2ms
7 timing config:load:cli Completed in 1ms
8 timing config:load:env Completed in 0ms
9 timing config:load:file:/root/monitor-traffic/.npmrc Completed in 0ms
10 timing config:load:project Completed in 1ms
11 timing config:load:file:/root/.npmrc Completed in 0ms
12 timing config:load:user Completed in 0ms
13 timing config:load:file:/etc/npmrc Completed in 0ms
14 timing config:load:global Completed in 1ms
15 timing config:load:validate Completed in 0ms
16 timing config:load:credentials Completed in 34ms
17 timing config:load:setEnvs Completed in 1ms
18 timing config:load Completed in 41ms
19 timing npm:load:configload Completed in 41ms
20 timing npm:load:setTitle Completed in 1ms
21 timing config:load:flatten Completed in 3ms
22 timing npm:load:display Completed in 4ms
23 verbose logfile /root/.npm/_logs/2024-08-08T08_25_11_961Z-debug-0.log
24 timing npm:load:logFile Completed in 18ms
25 timing npm:load:timers Completed in 0ms
26 timing npm:load:configScope Completed in 0ms
27 timing npm:load Completed in 65ms
28 timing arborist:ctor Completed in 2ms
29 timing arborist:ctor Completed in 0ms
30 timing idealTree:init Completed in 10ms
31 timing idealTree:userRequests Completed in 0ms
32 silly idealTree buildDeps
33 timing idealTree:#root Completed in 0ms
34 timing idealTree:buildDeps Completed in 1ms
35 timing idealTree:fixDepFlags Completed in 0ms
36 timing idealTree Completed in 12ms
37 timing reify:loadTrees Completed in 13ms
38 timing reify:diffTrees Completed in 1ms
39 silly reify moves {}
40 timing reify:retireShallow Completed in 0ms
41 timing reify:createSparse Completed in 0ms
42 timing reify:loadBundles Completed in 0ms
43 silly audit report null
44 timing reify:audit Completed in 1ms
45 timing reify:unpack Completed in 1ms
46 timing reify:unretire Completed in 0ms
47 timing build:queue Completed in 0ms
48 timing build:deps Completed in 0ms
49 timing build Completed in 0ms
50 timing reify:build Completed in 1ms
51 timing reify:trash Completed in 0ms
52 timing reify:save Completed in 1ms
53 timing reify Completed in 35ms
54 timing command:install Completed in 38ms
55 verbose stack Error: ENOENT: no such file or directory, open '/root/monitor-traffic/package.json'
56 verbose cwd /root/monitor-traffic
57 verbose Linux 6.8.0-76060800daily20240311-generic
58 verbose argv "/usr/bin/node" "/usr/bin/npm" "install"
59 verbose node v12.22.9
60 verbose npm  v8.5.1
61 error code ENOENT
62 error syscall open
63 error path /root/monitor-traffic/package.json
64 error errno -2
65 error enoent ENOENT: no such file or directory, open '/root/monitor-traffic/package.json'
66 error enoent This is related to npm not being able to find a file.
66 error enoent
67 verbose exit -2
68 timing npm Completed in 329ms
69 verbose code -2
70 error A complete log of this run can be found in:
70 error     /root/.npm/_logs/2024-08-08T08_25_11_961Z-debug-0.log
